<?xml version="1.0" encoding="UTF-8"?>
<!-- Generated by org.testng.reporters.JUnitReportReporter -->
<testsuite skipped="0" hostname="DESKTOP-QK38AG5" name="script.TestUtils" tests="1" failures="0" timestamp="07 Jan 2019 14:58:39 GMT" time="27.800" errors="0">
  <testcase name="testA" time="27.800" classname="script.TestUtils"/>
</testsuite> <!-- script.TestUtils -->
