<?xml version="1.0" encoding="UTF-8"?>
<!-- Generated by org.testng.reporters.JUnitReportReporter -->
<testsuite skipped="0" hostname="DESKTOP-QK38AG5" name="script.TestUtils1" tests="1" failures="0" timestamp="07 Jan 2019 16:43:21 GMT" time="21.369" errors="0">
  <testcase name="testA" time="21.369" classname="script.TestUtils1"/>
</testsuite> <!-- script.TestUtils1 -->
