<?xml version="1.0" encoding="UTF-8"?>
<!-- Generated by org.testng.reporters.JUnitReportReporter -->
<testsuite skipped="0" hostname="DESKTOP-QK38AG5" name="script.VerifyProductEdition" tests="1" failures="0" timestamp="10 Jan 2019 11:53:51 GMT" time="31.158" errors="0">
  <testcase name="testValidLogin" time="31.158" classname="script.VerifyProductEdition"/>
</testsuite> <!-- script.VerifyProductEdition -->
