<?xml version="1.0" encoding="UTF-8"?>
<!-- Generated by org.testng.reporters.JUnitReportReporter -->
<testsuite skipped="0" hostname="DESKTOP-QK38AG5" name="script.ValidLogin" tests="1" failures="0" timestamp="10 Jan 2019 11:35:21 GMT" time="33.045" errors="0">
  <testcase name="testValidLogin" time="33.045" classname="script.ValidLogin"/>
</testsuite> <!-- script.ValidLogin -->
